#
# There is insufficient memory for the Java Runtime Environment to continue.
# Native memory allocation (mmap) failed to map 168820736 bytes for G1 virtual space
# Possible reasons:
#   The system is out of physical RAM or swap space
#   The process is running with CompressedOops enabled, and the Java Heap may be blocking the growth of the native heap
# Possible solutions:
#   Reduce memory load on the system
#   Increase physical memory or swap space
#   Check if swap backing store is full
#   Decrease Java heap size (-Xmx/-Xms)
#   Decrease number of Java threads
#   Decrease Java thread stack sizes (-Xss)
#   Set larger code cache with -XX:ReservedCodeCacheSize=
#   JVM is running with Unscaled Compressed Oops mode in which the Java heap is
#     placed in the first 4GB address space. The Java Heap base address is the
#     maximum limit for the native heap growth. Please use -XX:HeapBaseMinAddress
#     to set the Java Heap base and to place the Java Heap above 4GB virtual address.
# This output file may be truncated or incomplete.
#
#  Out of Memory Error (os_windows.cpp:3825), pid=11104, tid=32664
#
# JRE version: OpenJDK Runtime Environment (17.0.9) (build 17.0.9+0--11185874)
# Java VM: OpenJDK 64-Bit Server VM (17.0.9+0--11185874, mixed mode, tiered, compressed oops, compressed class ptrs, g1 gc, windows-amd64)
# No core dump will be written. Minidumps are not enabled by default on client versions of Windows
#

---------------  S U M M A R Y ------------

Command Line: org.jetbrains.kotlin.cli.jvm.K2JVMCompiler @C:\Users\leona\Documents\ReceitasMalucas\app\build\20241101_9482435641759794107.compiler.options

Host: Intel(R) Core(TM) i7-8565U CPU @ 1.80GHz, 8 cores, 7G,  Windows 11 , 64 bit Build 22621 (10.0.22621.3958)
Time: Fri Nov  1 14:03:10 2024 Hora oficial do Brasil elapsed time: 12.982191 seconds (0d 0h 0m 12s)

---------------  T H R E A D  ---------------

Current thread (0x0000014a67363910):  VMThread "VM Thread" [stack: 0x0000003b9ba00000,0x0000003b9bb00000] [id=32664]

Stack: [0x0000003b9ba00000,0x0000003b9bb00000]
Native frames: (J=compiled Java code, j=interpreted, Vv=VM code, C=native code)
V  [jvm.dll+0x6886e9]
V  [jvm.dll+0x841e4a]
V  [jvm.dll+0x843a8e]
V  [jvm.dll+0x8440f3]
V  [jvm.dll+0x24c14f]
V  [jvm.dll+0x685499]
V  [jvm.dll+0x679c2a]
V  [jvm.dll+0x30cf9b]
V  [jvm.dll+0x314446]
V  [jvm.dll+0x36425e]
V  [jvm.dll+0x36448f]
V  [jvm.dll+0x2e2d68]
V  [jvm.dll+0x2e0f44]
V  [jvm.dll+0x2e054c]
V  [jvm.dll+0x3253fb]
V  [jvm.dll+0x8487eb]
V  [jvm.dll+0x849531]
V  [jvm.dll+0x849a4d]
V  [jvm.dll+0x849e24]
V  [jvm.dll+0x849ef0]
V  [jvm.dll+0x7f06aa]
V  [jvm.dll+0x687565]
C  [ucrtbase.dll+0x29333]
C  [KERNEL32.DLL+0x1257d]
C  [ntdll.dll+0x5af28]

VM_Operation (0x0000003b9b4facb0): G1CollectForAllocation, mode: safepoint, requested by thread 0x0000014a4b52c7a0


---------------  P R O C E S S  ---------------

Threads class SMR info:
_java_thread_list=0x0000014a6d5be240, length=14, elements={
0x0000014a4b52c7a0, 0x0000014a6720e7c0, 0x0000014a6720f640, 0x0000014a67221300,
0x0000014a67223de0, 0x0000014a672267b0, 0x0000014a67227170, 0x0000014a67228470,
0x0000014a673bd7e0, 0x0000014a673c1110, 0x0000014a6750e9b0, 0x0000014a6750d580,
0x0000014a6763cd40, 0x0000014a6e5d3100
}

Java Threads: ( => current thread )
  0x0000014a4b52c7a0 JavaThread "main" [_thread_blocked, id=11884, stack(0x0000003b9b400000,0x0000003b9b500000)]
  0x0000014a6720e7c0 JavaThread "Reference Handler" daemon [_thread_blocked, id=6200, stack(0x0000003b9bb00000,0x0000003b9bc00000)]
  0x0000014a6720f640 JavaThread "Finalizer" daemon [_thread_blocked, id=11096, stack(0x0000003b9bc00000,0x0000003b9bd00000)]
  0x0000014a67221300 JavaThread "Signal Dispatcher" daemon [_thread_blocked, id=35244, stack(0x0000003b9bd00000,0x0000003b9be00000)]
  0x0000014a67223de0 JavaThread "Attach Listener" daemon [_thread_blocked, id=11280, stack(0x0000003b9be00000,0x0000003b9bf00000)]
  0x0000014a672267b0 JavaThread "Service Thread" daemon [_thread_blocked, id=12568, stack(0x0000003b9bf00000,0x0000003b9c000000)]
  0x0000014a67227170 JavaThread "Monitor Deflation Thread" daemon [_thread_blocked, id=23028, stack(0x0000003b9c000000,0x0000003b9c100000)]
  0x0000014a67228470 JavaThread "C2 CompilerThread0" daemon [_thread_blocked, id=37280, stack(0x0000003b9c100000,0x0000003b9c200000)]
  0x0000014a673bd7e0 JavaThread "C1 CompilerThread0" daemon [_thread_blocked, id=28172, stack(0x0000003b9c200000,0x0000003b9c300000)]
  0x0000014a673c1110 JavaThread "Sweeper thread" daemon [_thread_blocked, id=34520, stack(0x0000003b9c300000,0x0000003b9c400000)]
  0x0000014a6750e9b0 JavaThread "Notification Thread" daemon [_thread_blocked, id=13252, stack(0x0000003b9c400000,0x0000003b9c500000)]
  0x0000014a6750d580 JavaThread "Common-Cleaner" daemon [_thread_blocked, id=31352, stack(0x0000003b9c600000,0x0000003b9c700000)]
  0x0000014a6763cd40 JavaThread "C2 CompilerThread1" daemon [_thread_in_native, id=22024, stack(0x0000003b9c700000,0x0000003b9c800000)]
  0x0000014a6e5d3100 JavaThread "C2 CompilerThread2" daemon [_thread_blocked, id=35872, stack(0x0000003b9d000000,0x0000003b9d100000)]

Other Threads:
=>0x0000014a67363910 VMThread "VM Thread" [stack: 0x0000003b9ba00000,0x0000003b9bb00000] [id=32664]
  0x0000014a6750ee90 WatcherThread [stack: 0x0000003b9c500000,0x0000003b9c600000] [id=26604]
  0x0000014a4b587680 GCTaskThread "GC Thread#0" [stack: 0x0000003b9b500000,0x0000003b9b600000] [id=4144]
  0x0000014a6c3c5a40 GCTaskThread "GC Thread#1" [stack: 0x0000003b9c800000,0x0000003b9c900000] [id=29000]
  0x0000014a6c3c6510 GCTaskThread "GC Thread#2" [stack: 0x0000003b9c900000,0x0000003b9ca00000] [id=25772]
  0x0000014a6c3f4cc0 GCTaskThread "GC Thread#3" [stack: 0x0000003b9ca00000,0x0000003b9cb00000] [id=4556]
  0x0000014a6c3a3f00 GCTaskThread "GC Thread#4" [stack: 0x0000003b9cb00000,0x0000003b9cc00000] [id=31688]
  0x0000014a6c8d2240 GCTaskThread "GC Thread#5" [stack: 0x0000003b9cc00000,0x0000003b9cd00000] [id=11600]
  0x0000014a6cbfb270 GCTaskThread "GC Thread#6" [stack: 0x0000003b9cd00000,0x0000003b9ce00000] [id=32324]
  0x0000014a6c9ff070 GCTaskThread "GC Thread#7" [stack: 0x0000003b9ce00000,0x0000003b9cf00000] [id=28160]
  0x0000014a4b5991a0 ConcurrentGCThread "G1 Main Marker" [stack: 0x0000003b9b600000,0x0000003b9b700000] [id=17032]
  0x0000014a4b59a360 ConcurrentGCThread "G1 Conc#0" [stack: 0x0000003b9b700000,0x0000003b9b800000] [id=27260]
  0x0000014a6c9cbf50 ConcurrentGCThread "G1 Conc#1" [stack: 0x0000003b9cf00000,0x0000003b9d000000] [id=22460]
  0x0000014a670744e0 ConcurrentGCThread "G1 Refine#0" [stack: 0x0000003b9b800000,0x0000003b9b900000] [id=21136]
  0x0000014a6f917410 ConcurrentGCThread "G1 Refine#1" [stack: 0x0000003b9d100000,0x0000003b9d200000] [id=19828]
  0x0000014a6f914510 ConcurrentGCThread "G1 Refine#2" [stack: 0x0000003b9d200000,0x0000003b9d300000] [id=16860]
  0x0000014a67074d20 ConcurrentGCThread "G1 Service" [stack: 0x0000003b9b900000,0x0000003b9ba00000] [id=26400]

Threads with active compile tasks:
C2 CompilerThread0    13003 13803       4       org.jetbrains.kotlin.load.java.typeEnhancement.TypeEnhancementUtilsKt::hasEnhancedNullability (29 bytes)
C1 CompilerThread0    13003 14061       3       kotlin.text.CharsKt__CharJVMKt::checkRadix (66 bytes)
C2 CompilerThread1    13003 13734       4       org.jetbrains.kotlin.types.AbstractTypeMapper::mapType (568 bytes)
C2 CompilerThread2    13003 14027       4       org.jetbrains.org.objectweb.asm.tree.analysis.Frame::execute (2125 bytes)

VM state: at safepoint (normal execution)

VM Mutex/Monitor currently owned by a thread:  ([mutex/lock_event])
[0x0000014a4b528750] Threads_lock - owner thread: 0x0000014a67363910
[0x0000014a4b5275e0] Heap_lock - owner thread: 0x0000014a4b52c7a0

Heap address: 0x0000000082200000, size: 2014 MB, Compressed Oops mode: 32-bit

CDS archive(s) not mapped
Compressed class space mapped at: 0x0000000100000000-0x0000000140000000, reserved size: 1073741824
Narrow klass base: 0x0000000000000000, Narrow klass shift: 3, Narrow klass range: 0x140000000

GC Precious Log:
 CPUs: 8 total, 8 available
 Memory: 8050M
 Large Page Support: Disabled
 NUMA Support: Disabled
 Compressed Oops: Enabled (32-bit)
 Heap Region Size: 1M
 Heap Min Capacity: 8M
 Heap Initial Capacity: 126M
 Heap Max Capacity: 2014M
 Pre-touch: Disabled
 Parallel Workers: 8
 Concurrent Workers: 2
 Concurrent Refinement Workers: 8
 Periodic GC: Disabled

Heap:
 garbage-first heap   total 164864K, used 90781K [0x0000000082200000, 0x0000000100000000)
  region size 1024K, 3 young (3072K), 3 survivors (3072K)
 Metaspace       used 89539K, committed 89920K, reserved 1179648K
  class space    used 10038K, committed 10240K, reserved 1048576K

Heap Regions: E=young(eden), S=young(survivor), O=old, HS=humongous(starts), HC=humongous(continues), CS=collection set, F=free, OA=open archive, CA=closed archive, TAMS=top-at-mark-start (previous, next)
|   0|0x0000000082200000, 0x0000000082300000, 0x0000000082300000|100%|HS|  |TAMS 0x0000000082300000, 0x0000000082200000| Complete 
|   1|0x0000000082300000, 0x0000000082400000, 0x0000000082400000|100%|HC|  |TAMS 0x0000000082400000, 0x0000000082300000| Complete 
|   2|0x0000000082400000, 0x0000000082500000, 0x0000000082500000|100%|HC|  |TAMS 0x0000000082500000, 0x0000000082400000| Complete 
|   3|0x0000000082500000, 0x0000000082600000, 0x0000000082600000|100%|HC|  |TAMS 0x0000000082600000, 0x0000000082500000| Complete 
|   4|0x0000000082600000, 0x0000000082700000, 0x0000000082700000|100%| O|  |TAMS 0x0000000082700000, 0x0000000082600000| Untracked 
|   5|0x0000000082700000, 0x0000000082800000, 0x0000000082800000|100%| O|  |TAMS 0x0000000082800000, 0x0000000082700000| Untracked 
|   6|0x0000000082800000, 0x0000000082900000, 0x0000000082900000|100%| O|  |TAMS 0x0000000082900000, 0x0000000082800000| Untracked 
|   7|0x0000000082900000, 0x0000000082a00000, 0x0000000082a00000|100%| O|  |TAMS 0x0000000082a00000, 0x0000000082900000| Untracked 
|   8|0x0000000082a00000, 0x0000000082b00000, 0x0000000082b00000|100%| O|  |TAMS 0x0000000082a00000, 0x0000000082a00000| Untracked 
|   9|0x0000000082b00000, 0x0000000082c00000, 0x0000000082c00000|100%| O|  |TAMS 0x0000000082c00000, 0x0000000082b00000| Untracked 
|  10|0x0000000082c00000, 0x0000000082d00000, 0x0000000082d00000|100%| O|  |TAMS 0x0000000082d00000, 0x0000000082c00000| Untracked 
|  11|0x0000000082d00000, 0x0000000082e00000, 0x0000000082e00000|100%| O|  |TAMS 0x0000000082e00000, 0x0000000082d00000| Untracked 
|  12|0x0000000082e00000, 0x0000000082f00000, 0x0000000082f00000|100%| O|  |TAMS 0x0000000082f00000, 0x0000000082e00000| Untracked 
|  13|0x0000000082f00000, 0x0000000083000000, 0x0000000083000000|100%| O|  |TAMS 0x0000000083000000, 0x0000000082f00000| Untracked 
|  14|0x0000000083000000, 0x0000000083100000, 0x0000000083100000|100%| O|  |TAMS 0x0000000083100000, 0x0000000083000000| Untracked 
|  15|0x0000000083100000, 0x0000000083200000, 0x0000000083200000|100%| O|  |TAMS 0x0000000083200000, 0x0000000083100000| Untracked 
|  16|0x0000000083200000, 0x0000000083300000, 0x0000000083300000|100%| O|  |TAMS 0x0000000083300000, 0x0000000083200000| Untracked 
|  17|0x0000000083300000, 0x0000000083400000, 0x0000000083400000|100%| O|  |TAMS 0x0000000083400000, 0x0000000083300000| Untracked 
|  18|0x0000000083400000, 0x0000000083500000, 0x0000000083500000|100%| O|  |TAMS 0x0000000083500000, 0x0000000083400000| Untracked 
|  19|0x0000000083500000, 0x0000000083600000, 0x0000000083600000|100%| O|  |TAMS 0x0000000083600000, 0x0000000083500000| Untracked 
|  20|0x0000000083600000, 0x0000000083700000, 0x0000000083700000|100%| O|  |TAMS 0x0000000083700000, 0x0000000083600000| Untracked 
|  21|0x0000000083700000, 0x0000000083800000, 0x0000000083800000|100%| O|  |TAMS 0x0000000083800000, 0x0000000083700000| Untracked 
|  22|0x0000000083800000, 0x0000000083900000, 0x0000000083900000|100%| O|  |TAMS 0x0000000083900000, 0x0000000083800000| Untracked 
|  23|0x0000000083900000, 0x0000000083a00000, 0x0000000083a00000|100%| O|  |TAMS 0x0000000083a00000, 0x0000000083900000| Untracked 
|  24|0x0000000083a00000, 0x0000000083b00000, 0x0000000083b00000|100%| O|  |TAMS 0x0000000083b00000, 0x0000000083a00000| Untracked 
|  25|0x0000000083b00000, 0x0000000083c00000, 0x0000000083c00000|100%| O|  |TAMS 0x0000000083c00000, 0x0000000083b00000| Untracked 
|  26|0x0000000083c00000, 0x0000000083d00000, 0x0000000083d00000|100%| O|  |TAMS 0x0000000083d00000, 0x0000000083c00000| Untracked 
|  27|0x0000000083d00000, 0x0000000083e00000, 0x0000000083e00000|100%| O|  |TAMS 0x0000000083e00000, 0x0000000083d00000| Untracked 
|  28|0x0000000083e00000, 0x0000000083f00000, 0x0000000083f00000|100%|HS|  |TAMS 0x0000000083f00000, 0x0000000083e00000| Complete 
|  29|0x0000000083f00000, 0x0000000084000000, 0x0000000084000000|100%|HC|  |TAMS 0x0000000084000000, 0x0000000083f00000| Complete 
|  30|0x0000000084000000, 0x0000000084100000, 0x0000000084100000|100%| O|  |TAMS 0x0000000084100000, 0x0000000084000000| Untracked 
|  31|0x0000000084100000, 0x0000000084200000, 0x0000000084200000|100%| O|  |TAMS 0x0000000084200000, 0x0000000084100000| Untracked 
|  32|0x0000000084200000, 0x0000000084300000, 0x0000000084300000|100%| O|  |TAMS 0x0000000084300000, 0x0000000084200000| Untracked 
|  33|0x0000000084300000, 0x0000000084400000, 0x0000000084400000|100%| O|  |TAMS 0x0000000084400000, 0x0000000084300000| Untracked 
|  34|0x0000000084400000, 0x0000000084500000, 0x0000000084500000|100%| O|  |TAMS 0x0000000084500000, 0x0000000084400000| Untracked 
|  35|0x0000000084500000, 0x0000000084600000, 0x0000000084600000|100%| O|  |TAMS 0x0000000084600000, 0x0000000084500000| Untracked 
|  36|0x0000000084600000, 0x0000000084700000, 0x0000000084700000|100%| O|  |TAMS 0x0000000084700000, 0x0000000084600000| Untracked 
|  37|0x0000000084700000, 0x0000000084800000, 0x0000000084800000|100%| O|  |TAMS 0x0000000084800000, 0x0000000084700000| Untracked 
|  38|0x0000000084800000, 0x0000000084900000, 0x0000000084900000|100%| O|  |TAMS 0x0000000084900000, 0x0000000084800000| Untracked 
|  39|0x0000000084900000, 0x0000000084a00000, 0x0000000084a00000|100%| O|  |TAMS 0x0000000084a00000, 0x0000000084900000| Untracked 
|  40|0x0000000084a00000, 0x0000000084b00000, 0x0000000084b00000|100%| O|  |TAMS 0x0000000084b00000, 0x0000000084a00000| Untracked 
|  41|0x0000000084b00000, 0x0000000084c00000, 0x0000000084c00000|100%| O|  |TAMS 0x0000000084c00000, 0x0000000084b00000| Untracked 
|  42|0x0000000084c00000, 0x0000000084d00000, 0x0000000084d00000|100%| O|  |TAMS 0x0000000084d00000, 0x0000000084c00000| Untracked 
|  43|0x0000000084d00000, 0x0000000084e00000, 0x0000000084e00000|100%| O|  |TAMS 0x0000000084e00000, 0x0000000084d00000| Untracked 
|  44|0x0000000084e00000, 0x0000000084f00000, 0x0000000084f00000|100%| O|  |TAMS 0x0000000084f00000, 0x0000000084e00000| Untracked 
|  45|0x0000000084f00000, 0x0000000085000000, 0x0000000085000000|100%| O|  |TAMS 0x0000000084f00000, 0x0000000084f00000| Untracked 
|  46|0x0000000085000000, 0x0000000085100000, 0x0000000085100000|100%| O|  |TAMS 0x0000000085100000, 0x0000000085000000| Untracked 
|  47|0x0000000085100000, 0x0000000085200000, 0x0000000085200000|100%| O|  |TAMS 0x0000000085200000, 0x0000000085100000| Untracked 
|  48|0x0000000085200000, 0x0000000085300000, 0x0000000085300000|100%| O|  |TAMS 0x0000000085300000, 0x0000000085200000| Untracked 
|  49|0x0000000085300000, 0x0000000085400000, 0x0000000085400000|100%| O|  |TAMS 0x0000000085400000, 0x0000000085300000| Untracked 
|  50|0x0000000085400000, 0x0000000085500000, 0x0000000085500000|100%| O|  |TAMS 0x0000000085500000, 0x0000000085400000| Untracked 
|  51|0x0000000085500000, 0x0000000085600000, 0x0000000085600000|100%| O|  |TAMS 0x0000000085600000, 0x0000000085500000| Untracked 
|  52|0x0000000085600000, 0x0000000085700000, 0x0000000085700000|100%| O|  |TAMS 0x000000008567f200, 0x0000000085600000| Untracked 
|  53|0x0000000085700000, 0x0000000085800000, 0x0000000085800000|100%| O|  |TAMS 0x0000000085700000, 0x0000000085700000| Untracked 
|  54|0x0000000085800000, 0x0000000085900000, 0x0000000085900000|100%| O|  |TAMS 0x0000000085800000, 0x0000000085800000| Untracked 
|  55|0x0000000085900000, 0x0000000085a00000, 0x0000000085a00000|100%| O|  |TAMS 0x0000000085900000, 0x0000000085900000| Untracked 
|  56|0x0000000085a00000, 0x0000000085b00000, 0x0000000085b00000|100%| O|  |TAMS 0x0000000085a00000, 0x0000000085a00000| Untracked 
|  57|0x0000000085b00000, 0x0000000085c00000, 0x0000000085c00000|100%| O|  |TAMS 0x0000000085b00000, 0x0000000085b00000| Untracked 
|  58|0x0000000085c00000, 0x0000000085d00000, 0x0000000085d00000|100%| O|  |TAMS 0x0000000085c00000, 0x0000000085c00000| Untracked 
|  59|0x0000000085d00000, 0x0000000085e00000, 0x0000000085e00000|100%| O|  |TAMS 0x0000000085d00000, 0x0000000085d00000| Untracked 
|  60|0x0000000085e00000, 0x0000000085f00000, 0x0000000085f00000|100%| O|  |TAMS 0x0000000085e00000, 0x0000000085e00000| Untracked 
|  61|0x0000000085f00000, 0x0000000086000000, 0x0000000086000000|100%| O|  |TAMS 0x0000000085f00000, 0x0000000085f00000| Untracked 
|  62|0x0000000086000000, 0x0000000086100000, 0x0000000086100000|100%| O|  |TAMS 0x0000000086000000, 0x0000000086000000| Untracked 
|  63|0x0000000086100000, 0x0000000086200000, 0x0000000086200000|100%| O|  |TAMS 0x0000000086100000, 0x0000000086100000| Untracked 
|  64|0x0000000086200000, 0x0000000086300000, 0x0000000086300000|100%| O|  |TAMS 0x0000000086200000, 0x0000000086200000| Untracked 
|  65|0x0000000086300000, 0x0000000086400000, 0x0000000086400000|100%| O|  |TAMS 0x0000000086300000, 0x0000000086300000| Untracked 
|  66|0x0000000086400000, 0x0000000086500000, 0x0000000086500000|100%| O|  |TAMS 0x0000000086400000, 0x0000000086400000| Untracked 
|  67|0x0000000086500000, 0x0000000086600000, 0x0000000086600000|100%| O|  |TAMS 0x0000000086500000, 0x0000000086500000| Untracked 
|  68|0x0000000086600000, 0x0000000086700000, 0x0000000086700000|100%| O|  |TAMS 0x0000000086600000, 0x0000000086600000| Untracked 
|  69|0x0000000086700000, 0x0000000086800000, 0x0000000086800000|100%| O|  |TAMS 0x0000000086700000, 0x0000000086700000| Untracked 
|  70|0x0000000086800000, 0x0000000086900000, 0x0000000086900000|100%| O|  |TAMS 0x0000000086800000, 0x0000000086800000| Untracked 
|  71|0x0000000086900000, 0x0000000086a00000, 0x0000000086a00000|100%| O|  |TAMS 0x0000000086900000, 0x0000000086900000| Untracked 
|  72|0x0000000086a00000, 0x0000000086b00000, 0x0000000086b00000|100%| O|  |TAMS 0x0000000086a00000, 0x0000000086a00000| Untracked 
|  73|0x0000000086b00000, 0x0000000086c00000, 0x0000000086c00000|100%| O|  |TAMS 0x0000000086b00000, 0x0000000086b00000| Untracked 
|  74|0x0000000086c00000, 0x0000000086d00000, 0x0000000086d00000|100%| O|  |TAMS 0x0000000086c00000, 0x0000000086c00000| Untracked 
|  75|0x0000000086d00000, 0x0000000086e00000, 0x0000000086e00000|100%| O|  |TAMS 0x0000000086d00000, 0x0000000086d00000| Untracked 
|  76|0x0000000086e00000, 0x0000000086f00000, 0x0000000086f00000|100%| O|  |TAMS 0x0000000086e00000, 0x0000000086e00000| Untracked 
|  77|0x0000000086f00000, 0x0000000087000000, 0x0000000087000000|100%| O|  |TAMS 0x0000000086f00000, 0x0000000086f00000| Untracked 
|  78|0x0000000087000000, 0x0000000087100000, 0x0000000087100000|100%| O|  |TAMS 0x0000000087000000, 0x0000000087000000| Untracked 
|  79|0x0000000087100000, 0x0000000087200000, 0x0000000087200000|100%| O|  |TAMS 0x0000000087100000, 0x0000000087100000| Untracked 
|  80|0x0000000087200000, 0x0000000087300000, 0x0000000087300000|100%| O|  |TAMS 0x0000000087200000, 0x0000000087200000| Untracked 
|  81|0x0000000087300000, 0x0000000087400000, 0x0000000087400000|100%| O|  |TAMS 0x0000000087300000, 0x0000000087300000| Untracked 
|  82|0x0000000087400000, 0x0000000087500000, 0x0000000087500000|100%| O|  |TAMS 0x0000000087400000, 0x0000000087400000| Untracked 
|  83|0x0000000087500000, 0x0000000087600000, 0x0000000087600000|100%| O|  |TAMS 0x0000000087500000, 0x0000000087500000| Untracked 
|  84|0x0000000087600000, 0x0000000087700000, 0x0000000087700000|100%| O|  |TAMS 0x0000000087600000, 0x0000000087600000| Untracked 
|  85|0x0000000087700000, 0x00000000877eb200, 0x0000000087800000| 91%| O|  |TAMS 0x0000000087700000, 0x0000000087700000| Untracked 
|  86|0x0000000087800000, 0x0000000087800000, 0x0000000087900000|  0%| F|  |TAMS 0x0000000087800000, 0x0000000087800000| Untracked 
|  87|0x0000000087900000, 0x0000000087900000, 0x0000000087a00000|  0%| F|  |TAMS 0x0000000087900000, 0x0000000087900000| Untracked 
|  88|0x0000000087a00000, 0x0000000087a00000, 0x0000000087b00000|  0%| F|  |TAMS 0x0000000087a00000, 0x0000000087a00000| Untracked 
|  89|0x0000000087b00000, 0x0000000087b00000, 0x0000000087c00000|  0%| F|  |TAMS 0x0000000087b00000, 0x0000000087b00000| Untracked 
|  90|0x0000000087c00000, 0x0000000087c00000, 0x0000000087d00000|  0%| F|  |TAMS 0x0000000087c00000, 0x0000000087c00000| Untracked 
|  91|0x0000000087d00000, 0x0000000087d00000, 0x0000000087e00000|  0%| F|  |TAMS 0x0000000087d00000, 0x0000000087d00000| Untracked 
|  92|0x0000000087e00000, 0x0000000087e00000, 0x0000000087f00000|  0%| F|  |TAMS 0x0000000087e00000, 0x0000000087e00000| Untracked 
|  93|0x0000000087f00000, 0x0000000087f00000, 0x0000000088000000|  0%| F|  |TAMS 0x0000000087f00000, 0x0000000087f00000| Untracked 
|  94|0x0000000088000000, 0x0000000088000000, 0x0000000088100000|  0%| F|  |TAMS 0x0000000088000000, 0x0000000088000000| Untracked 
|  95|0x0000000088100000, 0x0000000088100000, 0x0000000088200000|  0%| F|  |TAMS 0x0000000088100000, 0x0000000088100000| Untracked 
|  96|0x0000000088200000, 0x0000000088200000, 0x0000000088300000|  0%| F|  |TAMS 0x0000000088200000, 0x0000000088200000| Untracked 
|  97|0x0000000088300000, 0x0000000088300000, 0x0000000088400000|  0%| F|  |TAMS 0x0000000088300000, 0x0000000088300000| Untracked 
|  98|0x0000000088400000, 0x0000000088400000, 0x0000000088500000|  0%| F|  |TAMS 0x0000000088400000, 0x0000000088400000| Untracked 
|  99|0x0000000088500000, 0x0000000088500000, 0x0000000088600000|  0%| F|  |TAMS 0x0000000088500000, 0x0000000088500000| Untracked 
| 100|0x0000000088600000, 0x0000000088600000, 0x0000000088700000|  0%| F|  |TAMS 0x0000000088600000, 0x0000000088600000| Untracked 
| 101|0x0000000088700000, 0x0000000088700000, 0x0000000088800000|  0%| F|  |TAMS 0x0000000088700000, 0x0000000088700000| Untracked 
| 102|0x0000000088800000, 0x0000000088800000, 0x0000000088900000|  0%| F|  |TAMS 0x0000000088800000, 0x0000000088800000| Untracked 
| 103|0x0000000088900000, 0x0000000088900000, 0x0000000088a00000|  0%| F|  |TAMS 0x0000000088900000, 0x0000000088900000| Untracked 
| 104|0x0000000088a00000, 0x0000000088a00000, 0x0000000088b00000|  0%| F|  |TAMS 0x0000000088a00000, 0x0000000088a00000| Untracked 
| 105|0x0000000088b00000, 0x0000000088b00000, 0x0000000088c00000|  0%| F|  |TAMS 0x0000000088b00000, 0x0000000088b00000| Untracked 
| 106|0x0000000088c00000, 0x0000000088c00000, 0x0000000088d00000|  0%| F|  |TAMS 0x0000000088c00000, 0x0000000088c00000| Untracked 
| 107|0x0000000088d00000, 0x0000000088d00000, 0x0000000088e00000|  0%| F|  |TAMS 0x0000000088d00000, 0x0000000088d00000| Untracked 
| 108|0x0000000088e00000, 0x0000000088e00000, 0x0000000088f00000|  0%| F|  |TAMS 0x0000000088e00000, 0x0000000088e00000| Untracked 
| 109|0x0000000088f00000, 0x0000000088f00000, 0x0000000089000000|  0%| F|  |TAMS 0x0000000088f00000, 0x0000000088f00000| Untracked 
| 110|0x0000000089000000, 0x0000000089000000, 0x0000000089100000|  0%| F|  |TAMS 0x0000000089000000, 0x0000000089000000| Untracked 
| 111|0x0000000089100000, 0x0000000089100000, 0x0000000089200000|  0%| F|  |TAMS 0x0000000089100000, 0x0000000089100000| Untracked 
| 112|0x0000000089200000, 0x0000000089200000, 0x0000000089300000|  0%| F|  |TAMS 0x0000000089200000, 0x0000000089200000| Untracked 
| 113|0x0000000089300000, 0x0000000089300000, 0x0000000089400000|  0%| F|  |TAMS 0x0000000089300000, 0x0000000089300000| Untracked 
| 114|0x0000000089400000, 0x0000000089400000, 0x0000000089500000|  0%| F|  |TAMS 0x0000000089400000, 0x0000000089400000| Untracked 
| 115|0x0000000089500000, 0x0000000089500000, 0x0000000089600000|  0%| F|  |TAMS 0x0000000089500000, 0x0000000089500000| Untracked 
| 116|0x0000000089600000, 0x0000000089600000, 0x0000000089700000|  0%| F|  |TAMS 0x0000000089600000, 0x0000000089600000| Untracked 
| 117|0x0000000089700000, 0x0000000089700000, 0x0000000089800000|  0%| F|  |TAMS 0x0000000089700000, 0x0000000089700000| Untracked 
| 118|0x0000000089800000, 0x00000000898bc310, 0x0000000089900000| 73%| S|CS|TAMS 0x0000000089800000, 0x0000000089800000| Complete 
| 119|0x0000000089900000, 0x0000000089a00000, 0x0000000089a00000|100%| S|CS|TAMS 0x0000000089900000, 0x0000000089900000| Complete 
| 120|0x0000000089a00000, 0x0000000089b00000, 0x0000000089b00000|100%| S|CS|TAMS 0x0000000089a00000, 0x0000000089a00000| Complete 
| 121|0x0000000089b00000, 0x0000000089b00000, 0x0000000089c00000|  0%| F|  |TAMS 0x0000000089b00000, 0x0000000089b00000| Untracked 
| 122|0x0000000089c00000, 0x0000000089c00000, 0x0000000089d00000|  0%| F|  |TAMS 0x0000000089c00000, 0x0000000089c00000| Untracked 
| 123|0x0000000089d00000, 0x0000000089d00000, 0x0000000089e00000|  0%| F|  |TAMS 0x0000000089d00000, 0x0000000089d00000| Untracked 
| 124|0x0000000089e00000, 0x0000000089e00000, 0x0000000089f00000|  0%| F|  |TAMS 0x0000000089e00000, 0x0000000089e00000| Untracked 
| 125|0x0000000089f00000, 0x0000000089f00000, 0x000000008a000000|  0%| F|  |TAMS 0x0000000089f00000, 0x0000000089f00000| Untracked 
| 126|0x000000008a000000, 0x000000008a000000, 0x000000008a100000|  0%| F|  |TAMS 0x000000008a000000, 0x000000008a000000| Untracked 
| 127|0x000000008a100000, 0x000000008a100000, 0x000000008a200000|  0%| F|  |TAMS 0x000000008a100000, 0x000000008a100000| Untracked 
| 128|0x000000008a200000, 0x000000008a200000, 0x000000008a300000|  0%| F|  |TAMS 0x000000008a200000, 0x000000008a200000| Untracked 
| 129|0x000000008a300000, 0x000000008a300000, 0x000000008a400000|  0%| F|  |TAMS 0x000000008a300000, 0x000000008a300000| Untracked 
| 130|0x000000008a400000, 0x000000008a400000, 0x000000008a500000|  0%| F|  |TAMS 0x000000008a400000, 0x000000008a400000| Untracked 
| 131|0x000000008a500000, 0x000000008a500000, 0x000000008a600000|  0%| F|  |TAMS 0x000000008a500000, 0x000000008a500000| Untracked 
| 132|0x000000008a600000, 0x000000008a600000, 0x000000008a700000|  0%| F|  |TAMS 0x000000008a600000, 0x000000008a600000| Untracked 
| 133|0x000000008a700000, 0x000000008a700000, 0x000000008a800000|  0%| F|  |TAMS 0x000000008a700000, 0x000000008a700000| Untracked 
| 134|0x000000008a800000, 0x000000008a800000, 0x000000008a900000|  0%| F|  |TAMS 0x000000008a800000, 0x000000008a800000| Untracked 
| 135|0x000000008a900000, 0x000000008a900000, 0x000000008aa00000|  0%| F|  |TAMS 0x000000008a900000, 0x000000008a900000| Untracked 
| 136|0x000000008aa00000, 0x000000008aa00000, 0x000000008ab00000|  0%| F|  |TAMS 0x000000008aa00000, 0x000000008aa00000| Untracked 
| 137|0x000000008ab00000, 0x000000008ab00000, 0x000000008ac00000|  0%| F|  |TAMS 0x000000008ab00000, 0x000000008ab00000| Untracked 
| 138|0x000000008ac00000, 0x000000008ac00000, 0x000000008ad00000|  0%| F|  |TAMS 0x000000008ac00000, 0x000000008ac00000| Untracked 
| 139|0x000000008ad00000, 0x000000008ad00000, 0x000000008ae00000|  0%| F|  |TAMS 0x000000008ad00000, 0x000000008ad00000| Untracked 
| 140|0x000000008ae00000, 0x000000008ae00000, 0x000000008af00000|  0%| F|  |TAMS 0x000000008ae00000, 0x000000008ae00000| Untracked 
| 141|0x000000008af00000, 0x000000008af00000, 0x000000008b000000|  0%| F|  |TAMS 0x000000008af00000, 0x000000008af00000| Untracked 
| 142|0x000000008b000000, 0x000000008b000000, 0x000000008b100000|  0%| F|  |TAMS 0x000000008b000000, 0x000000008b000000| Untracked 
| 143|0x000000008b100000, 0x000000008b100000, 0x000000008b200000|  0%| F|  |TAMS 0x000000008b100000, 0x000000008b100000| Untracked 
| 144|0x000000008b200000, 0x000000008b200000, 0x000000008b300000|  0%| F|  |TAMS 0x000000008b200000, 0x000000008b200000| Untracked 
| 145|0x000000008b300000, 0x000000008b300000, 0x000000008b400000|  0%| F|  |TAMS 0x000000008b300000, 0x000000008b300000| Untracked 
| 146|0x000000008b400000, 0x000000008b400000, 0x000000008b500000|  0%| F|  |TAMS 0x000000008b400000, 0x000000008b400000| Untracked 
| 147|0x000000008b500000, 0x000000008b500000, 0x000000008b600000|  0%| F|  |TAMS 0x000000008b500000, 0x000000008b500000| Untracked 
| 148|0x000000008b600000, 0x000000008b600000, 0x000000008b700000|  0%| F|  |TAMS 0x000000008b600000, 0x000000008b600000| Untracked 
| 149|0x000000008b700000, 0x000000008b700000, 0x000000008b800000|  0%| F|  |TAMS 0x000000008b700000, 0x000000008b700000| Untracked 
| 150|0x000000008b800000, 0x000000008b800000, 0x000000008b900000|  0%| F|  |TAMS 0x000000008b800000, 0x000000008b800000| Untracked 
| 151|0x000000008b900000, 0x000000008b900000, 0x000000008ba00000|  0%| F|  |TAMS 0x000000008b900000, 0x000000008b900000| Untracked 
| 152|0x000000008ba00000, 0x000000008ba00000, 0x000000008bb00000|  0%| F|  |TAMS 0x000000008ba00000, 0x000000008ba00000| Untracked 
| 153|0x000000008bb00000, 0x000000008bb00000, 0x000000008bc00000|  0%| F|  |TAMS 0x000000008bb00000, 0x000000008bb00000| Untracked 
| 154|0x000000008bc00000, 0x000000008bc00000, 0x000000008bd00000|  0%| F|  |TAMS 0x000000008bc00000, 0x000000008bc00000| Untracked 
| 155|0x000000008bd00000, 0x000000008bd00000, 0x000000008be00000|  0%| F|  |TAMS 0x000000008bd00000, 0x000000008bd00000| Untracked 
| 156|0x000000008be00000, 0x000000008be00000, 0x000000008bf00000|  0%| F|  |TAMS 0x000000008be00000, 0x000000008be00000| Untracked 
| 157|0x000000008bf00000, 0x000000008bf00000, 0x000000008c000000|  0%| F|  |TAMS 0x000000008bf00000, 0x000000008bf00000| Untracked 
| 158|0x000000008c000000, 0x000000008c000000, 0x000000008c100000|  0%| F|  |TAMS 0x000000008c000000, 0x000000008c000000| Untracked 
| 159|0x000000008c100000, 0x000000008c100000, 0x000000008c200000|  0%| F|  |TAMS 0x000000008c100000, 0x000000008c100000| Untracked 
| 160|0x000000008c200000, 0x000000008c200000, 0x000000008c300000|  0%| F|  |TAMS 0x000000008c200000, 0x000000008c200000| Untracked 

Card table byte_map: [0x0000014a60030000,0x0000014a60420000] _byte_map_base: 0x0000014a5fc1f000

Marking Bits (Prev, Next): (CMBitMap*) 0x0000014a4b587ce0, (CMBitMap*) 0x0000014a4b587ca0
 Prev Bits: [0x0000014a62790000, 0x0000014a64708000)
 Next Bits: [0x0000014a60810000, 0x0000014a62788000)

Polling page: 0x0000014a501b0000

Metaspace:

Usage:
  Non-class:     77.64 MB used.
      Class:      9.80 MB used.
       Both:     87.44 MB used.

Virtual space:
  Non-class space:      128.00 MB reserved,      77.81 MB ( 61%) committed,  2 nodes.
      Class space:        1.00 GB reserved,      10.00 MB ( <1%) committed,  1 nodes.
             Both:        1.12 GB reserved,      87.81 MB (  8%) committed. 

Chunk freelists:
   Non-Class:  1.59 MB
       Class:  5.84 MB
        Both:  7.44 MB

MaxMetaspaceSize: unlimited
CompressedClassSpaceSize: 1.00 GB
Initial GC threshold: 21.00 MB
Current GC threshold: 98.38 MB
CDS: off
MetaspaceReclaimPolicy: balanced
 - commit_granule_bytes: 65536.
 - commit_granule_words: 8192.
 - virtual_space_node_default_size: 8388608.
 - enlarge_chunks_in_place: 1.
 - new_chunks_are_fully_committed: 0.
 - uncommit_free_chunks: 1.
 - use_allocation_guard: 0.
 - handle_deallocations: 1.


Internal statistics:

num_allocs_failed_limit: 9.
num_arena_births: 460.
num_arena_deaths: 0.
num_vsnodes_births: 3.
num_vsnodes_deaths: 0.
num_space_committed: 1403.
num_space_uncommitted: 0.
num_chunks_returned_to_freelist: 9.
num_chunks_taken_from_freelist: 3387.
num_chunk_merges: 6.
num_chunk_splits: 2771.
num_chunks_enlarged: 2418.
num_inconsistent_stats: 0.

CodeHeap 'non-profiled nmethods': size=120000Kb used=6301Kb max_used=6301Kb free=113698Kb
 bounds [0x0000014a57ca0000, 0x0000014a582d0000, 0x0000014a5f1d0000]
CodeHeap 'profiled nmethods': size=120000Kb used=33938Kb max_used=33938Kb free=86061Kb
 bounds [0x0000014a501d0000, 0x0000014a52300000, 0x0000014a57700000]
CodeHeap 'non-nmethods': size=5760Kb used=1409Kb max_used=1492Kb free=4350Kb
 bounds [0x0000014a57700000, 0x0000014a57970000, 0x0000014a57ca0000]
 total_blobs=12564 nmethods=11820 adapters=653
 compilation: enabled
              stopped_count=0, restarted_count=0
 full_count=0

Compilation events (20 events):
Event: 12.957 Thread 0x0000014a673bd7e0 14051       3       org.jetbrains.kotlin.codegen.optimization.fixStack.FixStackInterpreter::intValue (8 bytes)
Event: 12.957 Thread 0x0000014a673bd7e0 nmethod 14051 0x0000014a522f1290 code [0x0000014a522f1420, 0x0000014a522f1598]
Event: 12.957 Thread 0x0000014a673bd7e0 14052       3       org.jetbrains.kotlin.codegen.optimization.fixStack.FixStackInterpreter::intValue (4 bytes)
Event: 12.957 Thread 0x0000014a673bd7e0 nmethod 14052 0x0000014a522f1690 code [0x0000014a522f1820, 0x0000014a522f1938]
Event: 12.957 Thread 0x0000014a673bd7e0 14049       3       org.jetbrains.kotlin.utils.SmartSet$Companion::create (28 bytes)
Event: 12.957 Thread 0x0000014a673bd7e0 nmethod 14049 0x0000014a522f1a10 code [0x0000014a522f1c60, 0x0000014a522f24e8]
Event: 12.957 Thread 0x0000014a673bd7e0 14056       3       org.jetbrains.org.objectweb.asm.tree.analysis.Frame::merge (96 bytes)
Event: 12.958 Thread 0x0000014a673bd7e0 nmethod 14056 0x0000014a522f2810 code [0x0000014a522f2a20, 0x0000014a522f3148]
Event: 12.958 Thread 0x0000014a673bd7e0 14053       3       org.jetbrains.kotlin.codegen.inline.FunctionalArgumentInterpreter::newOperation (9 bytes)
Event: 12.958 Thread 0x0000014a673bd7e0 nmethod 14053 0x0000014a522f3490 code [0x0000014a522f36c0, 0x0000014a522f3d58]
Event: 12.958 Thread 0x0000014a673bd7e0 14057       3       org.jetbrains.kotlin.codegen.inline.InlineCodegenUtilsKt::isSamWrapperConstructorCall (34 bytes)
Event: 12.959 Thread 0x0000014a673bd7e0 nmethod 14057 0x0000014a522f4010 code [0x0000014a522f42c0, 0x0000014a522f4e78]
Event: 12.959 Thread 0x0000014a673bd7e0 14058       3       org.jetbrains.kotlin.codegen.inline.InliningContext::isInliningLambda (13 bytes)
Event: 12.959 Thread 0x0000014a673bd7e0 nmethod 14058 0x0000014a522f5290 code [0x0000014a522f5420, 0x0000014a522f5598]
Event: 12.959 Thread 0x0000014a673bd7e0 14054       3       org.jetbrains.kotlin.codegen.inline.FunctionalArgumentInterpreter::newOperation (17 bytes)
Event: 12.960 Thread 0x0000014a673bd7e0 nmethod 14054 0x0000014a522f5610 code [0x0000014a522f5840, 0x0000014a522f5e78]
Event: 12.960 Thread 0x0000014a673bd7e0 14059       3       org.jetbrains.kotlin.codegen.inline.SMAP::findRange (45 bytes)
Event: 12.960 Thread 0x0000014a673bd7e0 nmethod 14059 0x0000014a522f6110 code [0x0000014a522f6300, 0x0000014a522f6928]
Event: 12.961 Thread 0x0000014a673bd7e0 14061       3       kotlin.text.CharsKt__CharJVMKt::checkRadix (66 bytes)
Event: 12.962 Thread 0x0000014a673bd7e0 nmethod 14061 0x0000014a522f6b90 code [0x0000014a522f6e40, 0x0000014a522f7a28]

GC Heap History (20 events):
Event: 3.894 GC heap after
{Heap after GC invocations=14 (full 0):
 garbage-first heap   total 137216K, used 36611K [0x0000000082200000, 0x0000000100000000)
  region size 1024K, 8 young (8192K), 8 survivors (8192K)
 Metaspace       used 50000K, committed 50240K, reserved 1114112K
  class space    used 6056K, committed 6144K, reserved 1048576K
}
Event: 5.201 GC heap before
{Heap before GC invocations=14 (full 0):
 garbage-first heap   total 137216K, used 90883K [0x0000000082200000, 0x0000000100000000)
  region size 1024K, 61 young (62464K), 8 survivors (8192K)
 Metaspace       used 54668K, committed 54912K, reserved 1114112K
  class space    used 6480K, committed 6592K, reserved 1048576K
}
Event: 5.223 GC heap after
{Heap after GC invocations=15 (full 0):
 garbage-first heap   total 137216K, used 45807K [0x0000000082200000, 0x0000000100000000)
  region size 1024K, 8 young (8192K), 8 survivors (8192K)
 Metaspace       used 54668K, committed 54912K, reserved 1114112K
  class space    used 6480K, committed 6592K, reserved 1048576K
}
Event: 5.860 GC heap before
{Heap before GC invocations=15 (full 0):
 garbage-first heap   total 137216K, used 95983K [0x0000000082200000, 0x0000000100000000)
  region size 1024K, 57 young (58368K), 8 survivors (8192K)
 Metaspace       used 57412K, committed 57664K, reserved 1114112K
  class space    used 6800K, committed 6912K, reserved 1048576K
}
Event: 5.880 GC heap after
{Heap after GC invocations=16 (full 0):
 garbage-first heap   total 137216K, used 53248K [0x0000000082200000, 0x0000000100000000)
  region size 1024K, 7 young (7168K), 7 survivors (7168K)
 Metaspace       used 57412K, committed 57664K, reserved 1114112K
  class space    used 6800K, committed 6912K, reserved 1048576K
}
Event: 6.845 GC heap before
{Heap before GC invocations=16 (full 0):
 garbage-first heap   total 137216K, used 102400K [0x0000000082200000, 0x0000000100000000)
  region size 1024K, 54 young (55296K), 7 survivors (7168K)
 Metaspace       used 59752K, committed 59968K, reserved 1114112K
  class space    used 7022K, committed 7104K, reserved 1048576K
}
Event: 6.867 GC heap after
{Heap after GC invocations=17 (full 0):
 garbage-first heap   total 164864K, used 60924K [0x0000000082200000, 0x0000000100000000)
  region size 1024K, 7 young (7168K), 7 survivors (7168K)
 Metaspace       used 59752K, committed 59968K, reserved 1114112K
  class space    used 7022K, committed 7104K, reserved 1048576K
}
Event: 7.048 GC heap before
{Heap before GC invocations=17 (full 0):
 garbage-first heap   total 164864K, used 67068K [0x0000000082200000, 0x0000000100000000)
  region size 1024K, 14 young (14336K), 7 survivors (7168K)
 Metaspace       used 60104K, committed 60288K, reserved 1114112K
  class space    used 7058K, committed 7168K, reserved 1048576K
}
Event: 7.060 GC heap after
{Heap after GC invocations=18 (full 0):
 garbage-first heap   total 164864K, used 61732K [0x0000000082200000, 0x0000000100000000)
  region size 1024K, 2 young (2048K), 2 survivors (2048K)
 Metaspace       used 60104K, committed 60288K, reserved 1114112K
  class space    used 7058K, committed 7168K, reserved 1048576K
}
Event: 9.001 GC heap before
{Heap before GC invocations=19 (full 0):
 garbage-first heap   total 164864K, used 122148K [0x0000000082200000, 0x0000000100000000)
  region size 1024K, 61 young (62464K), 2 survivors (2048K)
 Metaspace       used 65452K, committed 65728K, reserved 1114112K
  class space    used 7652K, committed 7808K, reserved 1048576K
}
Event: 9.017 GC heap after
{Heap after GC invocations=20 (full 0):
 garbage-first heap   total 164864K, used 69504K [0x0000000082200000, 0x0000000100000000)
  region size 1024K, 8 young (8192K), 8 survivors (8192K)
 Metaspace       used 65452K, committed 65728K, reserved 1114112K
  class space    used 7652K, committed 7808K, reserved 1048576K
}
Event: 9.037 GC heap before
{Heap before GC invocations=20 (full 0):
 garbage-first heap   total 164864K, used 70528K [0x0000000082200000, 0x0000000100000000)
  region size 1024K, 9 young (9216K), 8 survivors (8192K)
 Metaspace       used 65664K, committed 65920K, reserved 1114112K
  class space    used 7666K, committed 7808K, reserved 1048576K
}
Event: 9.050 GC heap after
{Heap after GC invocations=21 (full 0):
 garbage-first heap   total 164864K, used 70008K [0x0000000082200000, 0x0000000100000000)
  region size 1024K, 1 young (1024K), 1 survivors (1024K)
 Metaspace       used 65664K, committed 65920K, reserved 1114112K
  class space    used 7666K, committed 7808K, reserved 1048576K
}
Event: 10.257 GC heap before
{Heap before GC invocations=21 (full 0):
 garbage-first heap   total 164864K, used 125304K [0x0000000082200000, 0x0000000100000000)
  region size 1024K, 55 young (56320K), 1 survivors (1024K)
 Metaspace       used 73808K, committed 74176K, reserved 1179648K
  class space    used 8523K, committed 8704K, reserved 1048576K
}
Event: 10.269 GC heap after
{Heap after GC invocations=22 (full 0):
 garbage-first heap   total 164864K, used 74104K [0x0000000082200000, 0x0000000100000000)
  region size 1024K, 5 young (5120K), 5 survivors (5120K)
 Metaspace       used 73808K, committed 74176K, reserved 1179648K
  class space    used 8523K, committed 8704K, reserved 1048576K
}
Event: 11.232 GC heap before
{Heap before GC invocations=22 (full 0):
 garbage-first heap   total 164864K, used 127352K [0x0000000082200000, 0x0000000100000000)
  region size 1024K, 57 young (58368K), 5 survivors (5120K)
 Metaspace       used 78226K, committed 78528K, reserved 1179648K
  class space    used 9006K, committed 9152K, reserved 1048576K
}
Event: 11.251 GC heap after
{Heap after GC invocations=23 (full 0):
 garbage-first heap   total 164864K, used 82470K [0x0000000082200000, 0x0000000100000000)
  region size 1024K, 8 young (8192K), 8 survivors (8192K)
 Metaspace       used 78226K, committed 78528K, reserved 1179648K
  class space    used 9006K, committed 9152K, reserved 1048576K
}
Event: 12.105 GC heap before
{Heap before GC invocations=23 (full 0):
 garbage-first heap   total 164864K, used 128550K [0x0000000082200000, 0x0000000100000000)
  region size 1024K, 53 young (54272K), 8 survivors (8192K)
 Metaspace       used 84627K, committed 84992K, reserved 1179648K
  class space    used 9660K, committed 9856K, reserved 1048576K
}
Event: 12.124 GC heap after
{Heap after GC invocations=24 (full 0):
 garbage-first heap   total 164864K, used 88561K [0x0000000082200000, 0x0000000100000000)
  region size 1024K, 6 young (6144K), 6 survivors (6144K)
 Metaspace       used 84627K, committed 84992K, reserved 1179648K
  class space    used 9660K, committed 9856K, reserved 1048576K
}
Event: 12.962 GC heap before
{Heap before GC invocations=24 (full 0):
 garbage-first heap   total 164864K, used 129521K [0x0000000082200000, 0x0000000100000000)
  region size 1024K, 46 young (47104K), 6 survivors (6144K)
 Metaspace       used 89539K, committed 89920K, reserved 1179648K
  class space    used 10038K, committed 10240K, reserved 1048576K
}

Dll operation events (2 events):
Event: 0.007 Loaded shared library C:\Program Files\Android\Android Studio\jbr\bin\java.dll
Event: 1.400 Loaded shared library C:\Program Files\Android\Android Studio\jbr\bin\verify.dll

Deoptimization events (20 events):
Event: 12.792 Thread 0x0000014a4b52c7a0 Uncommon trap: trap_request=0xffffffc6 fr.pc=0x0000014a581f5a9c relative=0x00000000000007bc
Event: 12.792 Thread 0x0000014a4b52c7a0 Uncommon trap: reason=bimorphic_or_optimized_type_check action=maybe_recompile pc=0x0000014a581f5a9c method=org.jetbrains.kotlin.ir.types.IrTypeSystemContext$DefaultImpls.getNameForClassUnderKotlinPackage(Lorg/jetbrains/kotlin/ir/types/IrTypeSystemContext
Event: 12.792 Thread 0x0000014a4b52c7a0 DEOPT PACKING pc=0x0000014a581f5a9c sp=0x0000003b9b4fbce0
Event: 12.792 Thread 0x0000014a4b52c7a0 DEOPT UNPACKING pc=0x0000014a577569a3 sp=0x0000003b9b4fbc90 mode 2
Event: 12.792 Thread 0x0000014a4b52c7a0 Uncommon trap: trap_request=0xffffffc6 fr.pc=0x0000014a581f5a9c relative=0x00000000000007bc
Event: 12.792 Thread 0x0000014a4b52c7a0 Uncommon trap: reason=bimorphic_or_optimized_type_check action=maybe_recompile pc=0x0000014a581f5a9c method=org.jetbrains.kotlin.ir.types.IrTypeSystemContext$DefaultImpls.getNameForClassUnderKotlinPackage(Lorg/jetbrains/kotlin/ir/types/IrTypeSystemContext
Event: 12.792 Thread 0x0000014a4b52c7a0 DEOPT PACKING pc=0x0000014a581f5a9c sp=0x0000003b9b4fbce0
Event: 12.792 Thread 0x0000014a4b52c7a0 DEOPT UNPACKING pc=0x0000014a577569a3 sp=0x0000003b9b4fbc90 mode 2
Event: 12.792 Thread 0x0000014a4b52c7a0 Uncommon trap: trap_request=0xffffffc6 fr.pc=0x0000014a581f5a9c relative=0x00000000000007bc
Event: 12.792 Thread 0x0000014a4b52c7a0 Uncommon trap: reason=bimorphic_or_optimized_type_check action=maybe_recompile pc=0x0000014a581f5a9c method=org.jetbrains.kotlin.ir.types.IrTypeSystemContext$DefaultImpls.getNameForClassUnderKotlinPackage(Lorg/jetbrains/kotlin/ir/types/IrTypeSystemContext
Event: 12.792 Thread 0x0000014a4b52c7a0 DEOPT PACKING pc=0x0000014a581f5a9c sp=0x0000003b9b4fbce0
Event: 12.792 Thread 0x0000014a4b52c7a0 DEOPT UNPACKING pc=0x0000014a577569a3 sp=0x0000003b9b4fbc90 mode 2
Event: 12.792 Thread 0x0000014a4b52c7a0 Uncommon trap: trap_request=0xffffffc6 fr.pc=0x0000014a581f5a9c relative=0x00000000000007bc
Event: 12.792 Thread 0x0000014a4b52c7a0 Uncommon trap: reason=bimorphic_or_optimized_type_check action=maybe_recompile pc=0x0000014a581f5a9c method=org.jetbrains.kotlin.ir.types.IrTypeSystemContext$DefaultImpls.getNameForClassUnderKotlinPackage(Lorg/jetbrains/kotlin/ir/types/IrTypeSystemContext
Event: 12.792 Thread 0x0000014a4b52c7a0 DEOPT PACKING pc=0x0000014a581f5a9c sp=0x0000003b9b4fbce0
Event: 12.792 Thread 0x0000014a4b52c7a0 DEOPT UNPACKING pc=0x0000014a577569a3 sp=0x0000003b9b4fbc90 mode 2
Event: 12.955 Thread 0x0000014a4b52c7a0 Uncommon trap: trap_request=0xffffff45 fr.pc=0x0000014a57e424b8 relative=0x0000000000000118
Event: 12.955 Thread 0x0000014a4b52c7a0 Uncommon trap: reason=unstable_if action=reinterpret pc=0x0000014a57e424b8 method=org.jetbrains.kotlin.codegen.optimization.temporaryVals.TemporaryVariablesEliminationTransformer.matchOpcodes(Lorg/jetbrains/org/objectweb/asm/tree/AbstractInsnNode;[I)Z @ 1
Event: 12.955 Thread 0x0000014a4b52c7a0 DEOPT PACKING pc=0x0000014a57e424b8 sp=0x0000003b9b4fc4f0
Event: 12.955 Thread 0x0000014a4b52c7a0 DEOPT UNPACKING pc=0x0000014a577569a3 sp=0x0000003b9b4fc480 mode 2

Classes unloaded (0 events):
No events

Classes redefined (0 events):
No events

Internal exceptions (20 events):
Event: 6.983 Thread 0x0000014a4b52c7a0 Exception <a 'java/lang/NoSuchMethodError'{0x000000008be98f50}: 'java.lang.Object java.lang.invoke.DirectMethodHandle$Holder.newInvokeSpecial(java.lang.Object, java.lang.Object, java.lang.Object, java.lang.Object, java.lang.Object, java.lang.Object, java.lang.Object)'> (0x000000008be98f50) 
thrown [s\src\hotspot\share\interpreter\linkResolver.cpp, line 771]
Event: 6.983 Thread 0x0000014a4b52c7a0 Exception <a 'java/lang/NoSuchMethodError'{0x000000008be9eaf8}: 'java.lang.Object java.lang.invoke.Invokers$Holder.linkToTargetMethod(java.lang.Object, java.lang.Object, java.lang.Object, java.lang.Object, java.lang.Object, java.lang.Object, java.lang.Object)'> (0x000000008be9eaf8) 
thrown [s\src\hotspot\share\interpreter\linkResolver.cpp, line 771]
Event: 7.569 Thread 0x0000014a4b52c7a0 Exception <a 'java/lang/NoSuchMethodError'{0x000000008b29b0e0}: 'java.lang.Object java.lang.invoke.DirectMethodHandle$Holder.invokeStatic(java.lang.Object, java.lang.Object, java.lang.Object, java.lang.Object, int)'> (0x000000008b29b0e0) 
thrown [s\src\hotspot\share\interpreter\linkResolver.cpp, line 771]
Event: 7.570 Thread 0x0000014a4b52c7a0 Exception <a 'java/lang/NoSuchMethodError'{0x000000008b2a4dc8}: 'java.lang.Object java.lang.invoke.DirectMethodHandle$Holder.newInvokeSpecial(java.lang.Object, java.lang.Object, java.lang.Object, java.lang.Object, int)'> (0x000000008b2a4dc8) 
thrown [s\src\hotspot\share\interpreter\linkResolver.cpp, line 771]
Event: 7.571 Thread 0x0000014a4b52c7a0 Exception <a 'java/lang/NoSuchMethodError'{0x000000008b2ace98}: 'java.lang.Object java.lang.invoke.Invokers$Holder.linkToTargetMethod(java.lang.Object, java.lang.Object, java.lang.Object, int, java.lang.Object)'> (0x000000008b2ace98) 
thrown [s\src\hotspot\share\interpreter\linkResolver.cpp, line 771]
Event: 7.620 Thread 0x0000014a4b52c7a0 Exception <a 'java/lang/NoSuchMethodError'{0x000000008b0502d8}: 'void java.lang.invoke.DirectMethodHandle$Holder.invokeInterface(java.lang.Object, java.lang.Object)'> (0x000000008b0502d8) 
thrown [s\src\hotspot\share\interpreter\linkResolver.cpp, line 771]
Event: 7.697 Thread 0x0000014a4b52c7a0 Exception <a 'java/lang/IncompatibleClassChangeError'{0x000000008ae542d8}: Found class java.lang.Object, but interface was expected> (0x000000008ae542d8) 
thrown [s\src\hotspot\share\interpreter\linkResolver.cpp, line 838]
Event: 8.892 Thread 0x0000014a4b52c7a0 Implicit null exception at 0x0000014a580e7ac0 to 0x0000014a580e7b49
Event: 9.082 Thread 0x0000014a4b52c7a0 Implicit null exception at 0x0000014a57d4020c to 0x0000014a57d404a4
Event: 9.207 Thread 0x0000014a4b52c7a0 Implicit null exception at 0x0000014a58015ae0 to 0x0000014a58015da0
Event: 9.208 Thread 0x0000014a4b52c7a0 Implicit null exception at 0x0000014a57f682e0 to 0x0000014a57f68590
Event: 9.432 Thread 0x0000014a4b52c7a0 Implicit null exception at 0x0000014a57def360 to 0x0000014a57def3fa
Event: 9.469 Thread 0x0000014a4b52c7a0 Exception <a 'java/lang/NoSuchMethodError'{0x000000008ab06648}: 'java.lang.Object java.lang.invoke.DirectMethodHandle$Holder.newInvokeSpecial(java.lang.Object, java.lang.Object, java.lang.Object, int, int)'> (0x000000008ab06648) 
thrown [s\src\hotspot\share\interpreter\linkResolver.cpp, line 771]
Event: 9.469 Thread 0x0000014a4b52c7a0 Exception <a 'java/lang/NoSuchMethodError'{0x000000008ab0a488}: 'java.lang.Object java.lang.invoke.DirectMethodHandle$Holder.invokeSpecial(java.lang.Object, java.lang.Object, java.lang.Object, java.lang.Object, int, int)'> (0x000000008ab0a488) 
thrown [s\src\hotspot\share\interpreter\linkResolver.cpp, line 771]
Event: 9.638 Thread 0x0000014a4b52c7a0 Exception <a 'java/lang/NoSuchMethodError'{0x000000008a430fe0}: 'java.lang.Object java.lang.invoke.DirectMethodHandle$Holder.invokeSpecial(java.lang.Object, java.lang.Object, int, int, java.lang.Object, java.lang.Object, java.lang.Object, java.lang.Object, java.lang.Object)'> (0x000000008a430fe0) 
thrown [s\src\hotspot\share\interpreter\linkResolver.cpp, line 771]
Event: 9.656 Thread 0x0000014a4b52c7a0 Exception <a 'java/lang/NoSuchMethodError'{0x000000008a4b2940}: 'java.lang.Object java.lang.invoke.DirectMethodHandle$Holder.newInvokeSpecial(java.lang.Object, java.lang.Object, int, int, java.lang.Object, java.lang.Object, java.lang.Object)'> (0x000000008a4b2940) 
thrown [s\src\hotspot\share\interpreter\linkResolver.cpp, line 771]
Event: 9.656 Thread 0x0000014a4b52c7a0 Exception <a 'java/lang/NoSuchMethodError'{0x000000008a4b71e8}: 'java.lang.Object java.lang.invoke.DirectMethodHandle$Holder.invokeSpecial(java.lang.Object, java.lang.Object, java.lang.Object, int, int, java.lang.Object, java.lang.Object, java.lang.Object)'> (0x000000008a4b71e8) 
thrown [s\src\hotspot\share\interpreter\linkResolver.cpp, line 771]
Event: 9.674 Thread 0x0000014a4b52c7a0 Exception <a 'java/lang/NoSuchMethodError'{0x000000008a3300b0}: 'java.lang.Object java.lang.invoke.DirectMethodHandle$Holder.newInvokeSpecial(java.lang.Object, int, java.lang.Object, java.lang.Object)'> (0x000000008a3300b0) 
thrown [s\src\hotspot\share\interpreter\linkResolver.cpp, line 771]
Event: 10.941 Thread 0x0000014a4b52c7a0 Implicit null exception at 0x0000014a57d0da96 to 0x0000014a57d0dd5c
Event: 12.022 Thread 0x0000014a4b52c7a0 Implicit null exception at 0x0000014a58291d35 to 0x0000014a58291f9a

VM Operations (20 events):
Event: 12.224 Executing VM operation: ICBufferFull done
Event: 12.296 Executing VM operation: ICBufferFull
Event: 12.296 Executing VM operation: ICBufferFull done
Event: 12.336 Executing VM operation: HandshakeAllThreads
Event: 12.336 Executing VM operation: HandshakeAllThreads done
Event: 12.349 Executing VM operation: HandshakeAllThreads
Event: 12.349 Executing VM operation: HandshakeAllThreads done
Event: 12.351 Executing VM operation: HandshakeAllThreads
Event: 12.351 Executing VM operation: HandshakeAllThreads done
Event: 12.351 Executing VM operation: HandshakeAllThreads
Event: 12.351 Executing VM operation: HandshakeAllThreads done
Event: 12.493 Executing VM operation: HandshakeAllThreads
Event: 12.493 Executing VM operation: HandshakeAllThreads done
Event: 12.542 Executing VM operation: ICBufferFull
Event: 12.542 Executing VM operation: ICBufferFull done
Event: 12.665 Executing VM operation: ICBufferFull
Event: 12.665 Executing VM operation: ICBufferFull done
Event: 12.828 Executing VM operation: ICBufferFull
Event: 12.828 Executing VM operation: ICBufferFull done
Event: 12.962 Executing VM operation: G1CollectForAllocation

Events (20 events):
Event: 12.370 Thread 0x0000014a673c1110 flushing nmethod 0x0000014a51e31790
Event: 12.370 Thread 0x0000014a673c1110 flushing nmethod 0x0000014a51e31d10
Event: 12.370 Thread 0x0000014a673c1110 flushing nmethod 0x0000014a51e32c10
Event: 12.370 Thread 0x0000014a673c1110 flushing nmethod 0x0000014a51e35390
Event: 12.370 Thread 0x0000014a673c1110 flushing nmethod 0x0000014a51e35e90
Event: 12.370 Thread 0x0000014a673c1110 flushing nmethod 0x0000014a51e46110
Event: 12.370 Thread 0x0000014a673c1110 flushing nmethod 0x0000014a51e5c610
Event: 12.370 Thread 0x0000014a673c1110 flushing nmethod 0x0000014a51e9fc90
Event: 12.370 Thread 0x0000014a673c1110 flushing nmethod 0x0000014a51eb0f10
Event: 12.371 Thread 0x0000014a673c1110 flushing nmethod 0x0000014a51ee9d10
Event: 12.371 Thread 0x0000014a673c1110 flushing nmethod 0x0000014a51eea890
Event: 12.371 Thread 0x0000014a673c1110 flushing nmethod 0x0000014a51eebb90
Event: 12.371 Thread 0x0000014a673c1110 flushing nmethod 0x0000014a51f0c310
Event: 12.371 Thread 0x0000014a673c1110 flushing nmethod 0x0000014a51f5bf10
Event: 12.371 Thread 0x0000014a673c1110 flushing nmethod 0x0000014a51f5cd10
Event: 12.371 Thread 0x0000014a673c1110 flushing nmethod 0x0000014a51f6a090
Event: 12.371 Thread 0x0000014a673c1110 flushing nmethod 0x0000014a51f78610
Event: 12.371 Thread 0x0000014a673c1110 flushing nmethod 0x0000014a51fb4110
Event: 12.490 loading class java/util/Vector$Itr
Event: 12.491 loading class java/util/Vector$Itr done


Dynamic libraries:
0x00007ff781990000 - 0x00007ff78199a000 	C:\Program Files\Android\Android Studio\jbr\bin\java.exe
0x00007ffccefd0000 - 0x00007ffccf1e7000 	C:\WINDOWS\SYSTEM32\ntdll.dll
0x00007ffccda00000 - 0x00007ffccdac4000 	C:\WINDOWS\System32\KERNEL32.DLL
0x00007ffccc7f0000 - 0x00007ffcccb9d000 	C:\WINDOWS\System32\KERNELBASE.dll
0x00007ffccc560000 - 0x00007ffccc671000 	C:\WINDOWS\System32\ucrtbase.dll
0x00007ffcb41b0000 - 0x00007ffcb41cb000 	C:\Program Files\Android\Android Studio\jbr\bin\VCRUNTIME140.dll
0x00007ffcb2cf0000 - 0x00007ffcb2d07000 	C:\Program Files\Android\Android Studio\jbr\bin\jli.dll
0x00007ffccce90000 - 0x00007ffccd03e000 	C:\WINDOWS\System32\USER32.dll
0x00007ffcb2460000 - 0x00007ffcb26f3000 	C:\WINDOWS\WinSxS\amd64_microsoft.windows.common-controls_6595b64144ccf1df_6.0.22621.3672_none_2713b9d173822955\COMCTL32.dll
0x00007ffccc530000 - 0x00007ffccc556000 	C:\WINDOWS\System32\win32u.dll
0x00007ffccd040000 - 0x00007ffccd0e7000 	C:\WINDOWS\System32\msvcrt.dll
0x00007ffccddc0000 - 0x00007ffccdde9000 	C:\WINDOWS\System32\GDI32.dll
0x00007ffccc3a0000 - 0x00007ffccc4b9000 	C:\WINDOWS\System32\gdi32full.dll
0x00007ffcccc60000 - 0x00007ffccccfa000 	C:\WINDOWS\System32\msvcp_win.dll
0x00007ffccea60000 - 0x00007ffccea91000 	C:\WINDOWS\System32\IMM32.DLL
0x00007ffcb5070000 - 0x00007ffcb507c000 	C:\Program Files\Android\Android Studio\jbr\bin\vcruntime140_1.dll
0x00007ffc892a0000 - 0x00007ffc8932d000 	C:\Program Files\Android\Android Studio\jbr\bin\msvcp140.dll
0x00007ffc34df0000 - 0x00007ffc35a73000 	C:\Program Files\Android\Android Studio\jbr\bin\server\jvm.dll
0x00007ffccdd00000 - 0x00007ffccddb2000 	C:\WINDOWS\System32\ADVAPI32.dll
0x00007ffccdfc0000 - 0x00007ffcce069000 	C:\WINDOWS\System32\sechost.dll
0x00007ffccc370000 - 0x00007ffccc398000 	C:\WINDOWS\System32\bcrypt.dll
0x00007ffcce070000 - 0x00007ffcce184000 	C:\WINDOWS\System32\RPCRT4.dll
0x00007ffccc1b0000 - 0x00007ffccc1fd000 	C:\WINDOWS\SYSTEM32\POWRPROF.dll
0x00007ffcc53f0000 - 0x00007ffcc53f9000 	C:\WINDOWS\SYSTEM32\WSOCK32.dll
0x00007ffcc5ed0000 - 0x00007ffcc5f04000 	C:\WINDOWS\SYSTEM32\WINMM.dll
0x00007ffcccd70000 - 0x00007ffcccde1000 	C:\WINDOWS\System32\WS2_32.dll
0x00007ffcc1b80000 - 0x00007ffcc1b8a000 	C:\WINDOWS\SYSTEM32\VERSION.dll
0x00007ffccc190000 - 0x00007ffccc1a3000 	C:\WINDOWS\SYSTEM32\UMPDC.dll
0x00007ffccb320000 - 0x00007ffccb338000 	C:\WINDOWS\SYSTEM32\kernel.appcore.dll
0x00007ffcb4cb0000 - 0x00007ffcb4cba000 	C:\Program Files\Android\Android Studio\jbr\bin\jimage.dll
0x00007ffcc9960000 - 0x00007ffcc9b92000 	C:\WINDOWS\SYSTEM32\DBGHELP.DLL
0x00007ffcceb80000 - 0x00007ffccef0d000 	C:\WINDOWS\System32\combase.dll
0x00007ffcceaa0000 - 0x00007ffcceb77000 	C:\WINDOWS\System32\OLEAUT32.dll
0x00007ffc96f90000 - 0x00007ffc96fc2000 	C:\WINDOWS\SYSTEM32\dbgcore.DLL
0x00007ffccc2f0000 - 0x00007ffccc36b000 	C:\WINDOWS\System32\bcryptPrimitives.dll
0x00007ffcb3ee0000 - 0x00007ffcb3f05000 	C:\Program Files\Android\Android Studio\jbr\bin\java.dll
0x00007ffcb4110000 - 0x00007ffcb4128000 	C:\Program Files\Android\Android Studio\jbr\bin\zip.dll
0x00007ffcce1f0000 - 0x00007ffccea58000 	C:\WINDOWS\System32\SHELL32.dll
0x00007ffcca240000 - 0x00007ffccab3e000 	C:\WINDOWS\SYSTEM32\windows.storage.dll
0x00007ffcca100000 - 0x00007ffcca23f000 	C:\WINDOWS\SYSTEM32\wintypes.dll
0x00007ffccdea0000 - 0x00007ffccdf99000 	C:\WINDOWS\System32\SHCORE.dll
0x00007ffccef10000 - 0x00007ffccef6e000 	C:\WINDOWS\System32\shlwapi.dll
0x00007ffccc220000 - 0x00007ffccc241000 	C:\WINDOWS\SYSTEM32\profapi.dll
0x00007ffcb3370000 - 0x00007ffcb3389000 	C:\Program Files\Android\Android Studio\jbr\bin\net.dll
0x00007ffcc6a60000 - 0x00007ffcc6b96000 	C:\WINDOWS\SYSTEM32\WINHTTP.dll
0x00007ffccb790000 - 0x00007ffccb7f9000 	C:\WINDOWS\system32\mswsock.dll
0x00007ffcb3280000 - 0x00007ffcb3296000 	C:\Program Files\Android\Android Studio\jbr\bin\nio.dll
0x00007ffcb4810000 - 0x00007ffcb4820000 	C:\Program Files\Android\Android Studio\jbr\bin\verify.dll

dbghelp: loaded successfully - version: 4.0.5 - missing functions: none
symbol engine: initialized successfully - sym options: 0x614 - pdb path: .;C:\Program Files\Android\Android Studio\jbr\bin;C:\WINDOWS\SYSTEM32;C:\WINDOWS\WinSxS\amd64_microsoft.windows.common-controls_6595b64144ccf1df_6.0.22621.3672_none_2713b9d173822955;C:\Program Files\Android\Android Studio\jbr\bin\server

VM Arguments:
java_command: org.jetbrains.kotlin.cli.jvm.K2JVMCompiler @C:\Users\leona\Documents\ReceitasMalucas\app\build\20241101_9482435641759794107.compiler.options
java_class_path (initial): C:\Users\leona\.gradle\caches\modules-2\files-2.1\org.jetbrains.kotlin\kotlin-compiler-embeddable\1.9.0\2c8c3a7402becca891f12739b3e9fd2dc2adbd7a\kotlin-compiler-embeddable-1.9.0.jar;C:\Users\leona\.gradle\caches\modules-2\files-2.1\org.jetbrains.kotlin\kotlin-stdlib\1.9.0\8ee15ef0c67dc83d874f412d84378d7f0eb50b63\kotlin-stdlib-1.9.0.jar;C:\Users\leona\.gradle\caches\modules-2\files-2.1\org.jetbrains.kotlin\kotlin-script-runtime\1.9.0\4b3102cbbb7e1b58d9d1adf89563f00069ffa7d1\kotlin-script-runtime-1.9.0.jar;C:\Users\leona\.gradle\caches\modules-2\files-2.1\org.jetbrains.kotlin\kotlin-reflect\1.6.10\1cbe9c92c12a94eea200d23c2bbaedaf3daf5132\kotlin-reflect-1.6.10.jar;C:\Users\leona\.gradle\caches\modules-2\files-2.1\org.jetbrains.kotlin\kotlin-daemon-embeddable\1.9.0\186543f5e28cf8d9a0290fecc2cf34301c40a65c\kotlin-daemon-embeddable-1.9.0.jar;C:\Users\leona\.gradle\caches\modules-2\files-2.1\org.jetbrains.intellij.deps\trove4j\1.0.20200330\3afb14d5f9ceb459d724e907a21145e8ff394f02\trove4j-1.0.20200330.jar;C:\Users\leona\.gradle\caches\modules-2\files-2.1\org.jetbrains.kotlin\kotlin-stdlib-common\1.9.0\cd65c21cfd1eec4d44ef09f9f52b6d9f8a720636\kotlin-stdlib-common-1.9.0.jar;C:\Users\leona\.gradle\caches\modules-2\files-2.1\org.jetbrains\annotations\13.0\919f0dfe192fb4e063e7dacadee7f8bb9a2672a9\annotations-13.0.jar
Launcher Type: SUN_STANDARD

[Global flags]
     intx CICompilerCount                          = 4                                         {product} {ergonomic}
     uint ConcGCThreads                            = 2                                         {product} {ergonomic}
     uint G1ConcRefinementThreads                  = 8                                         {product} {ergonomic}
   size_t G1HeapRegionSize                         = 1048576                                   {product} {ergonomic}
    uintx GCDrainStackTargetSize                   = 64                                        {product} {ergonomic}
   size_t InitialHeapSize                          = 132120576                                 {product} {ergonomic}
   size_t MarkStackSize                            = 4194304                                   {product} {ergonomic}
   size_t MaxHeapSize                              = 2111832064                                {product} {ergonomic}
   size_t MaxNewSize                               = 1266679808                                {product} {ergonomic}
   size_t MinHeapDeltaBytes                        = 1048576                                   {product} {ergonomic}
   size_t MinHeapSize                              = 8388608                                   {product} {ergonomic}
    uintx NonNMethodCodeHeapSize                   = 5839372                                {pd product} {ergonomic}
    uintx NonProfiledCodeHeapSize                  = 122909434                              {pd product} {ergonomic}
    uintx ProfiledCodeHeapSize                     = 122909434                              {pd product} {ergonomic}
    uintx ReservedCodeCacheSize                    = 251658240                              {pd product} {ergonomic}
     bool SegmentedCodeCache                       = true                                      {product} {ergonomic}
   size_t SoftMaxHeapSize                          = 2111832064                             {manageable} {ergonomic}
     bool UseCompressedClassPointers               = true                           {product lp64_product} {ergonomic}
     bool UseCompressedOops                        = true                           {product lp64_product} {ergonomic}
     bool UseG1GC                                  = true                                      {product} {ergonomic}
     bool UseLargePagesIndividualAllocation        = false                                  {pd product} {ergonomic}

Logging:
Log output configuration:
 #0: stdout all=warning uptime,level,tags
 #1: stderr all=off uptime,level,tags

Environment Variables:
PATH=C:\Program Files (x86)\Common Files\Oracle\Java\javapath;C:\Program Files\Microsoft\jdk-11.0.16.101-hotspot\bin;C:\WINDOWS\system32;C:\WINDOWS;C:\WINDOWS\System32\Wbem;C:\WINDOWS\System32\WindowsPowerShell\v1.0\;C:\WINDOWS\System32\OpenSSH\;C:\Program Files\dotnet\;C:\Program Files\Microsoft SQL Server\150\Tools\Binn\;c:\Program Files (x86)\Microsoft SQL Server\100\Tools\Binn\;c:\Program Files\Microsoft SQL Server\100\Tools\Binn\;c:\Program Files\Microsoft SQL Server\100\DTS\Binn\;c:\Program Files (x86)\Microsoft SQL Server\100\Tools\Binn\VSShell\Common7\IDE\;c:\Program Files (x86)\Microsoft Visual Studio 9.0\Common7\IDE\PrivateAssemblies\;c:\Program Files (x86)\Microsoft SQL Server\100\DTS\Binn\;C:\Program Files\Go\bin;C:\Program Files\Microsoft SQL Server\Client SDK\ODBC\170\Tools\Binn\;C:\Program Files (x86)\Microsoft SQL Server\160\DTS\Binn\;C:\Users\leona\AppData\Local\Microsoft\WindowsApps;C:\Users\leona\AppData\Local\Programs\Microsoft VS Code\bin;C:\ProgramData\leona\GitHubDesktop\bin;C:\Users\leona\AppData\Local\GitHubDesktop\bin;C:\Users\leona\go\bin;C:\Users\leona\.dotnet\tools
USERNAME=leona
OS=Windows_NT
PROCESSOR_IDENTIFIER=Intel64 Family 6 Model 142 Stepping 12, GenuineIntel
TMP=C:\Users\leona\AppData\Local\Temp
TEMP=C:\Users\leona\AppData\Local\Temp



Periodic native trim disabled

JNI global refs:
JNI global refs: 13, weak refs: 10

JNI global refs memory usage: 843, weak refs: 841

OOME stack traces (most recent first):
Classloader memory used:
Loader jdk.internal.loader.ClassLoaders$AppClassLoader                                 : 9452K
Loader bootstrap                                                                       : 1466K
Loader java.net.URLClassLoader                                                         : 256K
Loader jdk.internal.reflect.DelegatingClassLoader                                      : 16888B


---------------  S Y S T E M  ---------------

OS:
 Windows 11 , 64 bit Build 22621 (10.0.22621.3958)
OS uptime: 6 days 1:26 hours

CPU: total 8 (initial active 8) (4 cores per cpu, 2 threads per core) family 6 model 142 stepping 12 microcode 0xf8, cx8, cmov, fxsr, ht, mmx, 3dnowpref, sse, sse2, sse3, ssse3, sse4.1, sse4.2, popcnt, lzcnt, tsc, tscinvbit, avx, avx2, aes, erms, clmul, bmi1, bmi2, adx, fma, vzeroupper, clflush, clflushopt
Processor Information for all 8 processors :
  Max Mhz: 1992, Current Mhz: 1792, Mhz Limit: 1792

Memory: 4k page, system-wide physical 8050M (1530M free)
TotalPageFile size 24047M (AvailPageFile size 135M)
current process WorkingSet (physical memory assigned to process): 396M, peak: 399M
current process commit charge ("private bytes"): 433M, peak: 599M

vm_info: OpenJDK 64-Bit Server VM (17.0.9+0--11185874) for windows-amd64 JRE (17.0.9+0--11185874), built on Dec  6 2023 18:57:44 by "androidbuild" with MS VC++ 16.10 / 16.11 (VS2019)

END.
